#
# A fatal error has been detected by the Java Runtime Environment:
#
#  SIGSEGV (0xb) at pc=0x0000000103e232c4, pid=7619, tid=18691
#
# JRE version: Java(TM) SE Runtime Environment (8.0_25-b17) (build 1.8.0_25-b17)
# Java VM: Java HotSpot(TM) 64-Bit Server VM (25.25-b02 mixed mode bsd-amd64 compressed oops)
# Problematic frame:
# V  [libjvm.dylib+0x4232c4]
#
# Failed to write core dump. Core dumps have been disabled. To enable core dumping, try "ulimit -c unlimited" before starting Java again
#
# If you would like to submit a bug report, please visit:
#   http://bugreport.sun.com/bugreport/crash.jsp
#

---------------  T H R E A D  ---------------

Current thread (0x00007fe0eb814000):  JavaThread "JDWP Transport Listener: dt_socket" daemon [_thread_in_vm, id=18691, stack(0x0000000121e5b000,0x0000000121f5b000)]

siginfo: si_signo: 11 (SIGSEGV), si_code: 0 (unknown), si_addr: 0x0000000000000000

Registers:
RAX=0x61482e736c697475, RBX=0x00007fe0e8c40490, RCX=0x00000001041d6c80, RDX=0x0000000121f5aa8b
RSP=0x0000000121f5a9d0, RBP=0x0000000121f5a9e0, RSI=0x00007fe0eb814000, RDI=0x00007fe0e8c40490
R8 =0x0000000000000001, R9 =0x00007fe0e8c00000, R10=0x0000000000000020, R11=0x00007fe0e8c00000
R12=0x00007fe0eb814000, R13=0x00007fe0e8c31230, R14=0x00007fe0e8c31230, R15=0x00007fe0e8d02a80
RIP=0x0000000103e232c4, EFLAGS=0x0000000000010216, ERR=0x0000000000000000
  TRAPNO=0x000000000000000d

Top of Stack: (sp=0x0000000121f5a9d0)
0x0000000121f5a9d0:   0000000121f5aa8b 0000000121f5aa8b
0x0000000121f5a9e0:   0000000121f5aa40 0000000103d3526e
0x0000000121f5a9f0:   00007fe0eb814000 0000000000000000
0x0000000121f5aa00:   0000000000000000 0000000000000000
0x0000000121f5aa10:   00007fe0eb814000 00007fe0eb814000
0x0000000121f5aa20:   0000000121f5aa8b 0000000121f5aa90
0x0000000121f5aa30:   00007fe0e8c31230 0000000000000003
0x0000000121f5aa40:   0000000121f5aa60 000000010493c7dc
0x0000000121f5aa50:   0000000000000001 0000000121f5ab08
0x0000000121f5aa60:   0000000121f5aad0 0000000104921263
0x0000000121f5aa70:   0000000121f5aaa0 00007fe0e8c3f110
0x0000000121f5aa80:   0000000600000032 0000000900f5ab08
0x0000000121f5aa90:   0000000000000000 0000000000000000
0x0000000121f5aaa0:   0000000000000000 0000000121f5ac90
0x0000000121f5aab0:   0000000104943eca 00007fe0e8c3fd80
0x0000000121f5aac0:   0000000121f5ab08 000000010494f588
0x0000000121f5aad0:   0000000121f5aae0 000000010492135c
0x0000000121f5aae0:   0000000121f5ad00 000000010492a8f6
0x0000000121f5aaf0:   0000605600000013 00000000000f0200
0x0000000121f5ab00:   00007fe0e8c2a400 0000000121f5ac4e
0x0000000121f5ab10:   00007fe000000036 0000000121f5ab20
0x0000000121f5ab20:   00007fe0000000f6 0000000121f5ab58
0x0000000121f5ab30:   0000000000000000 00007f0000000000
0x0000000121f5ab40:   000060560000001c 00007fff00003080
0x0000000121f5ab50:   0000000121f5ab58 e07f000006000000
0x0000000121f5ab60:   06000000a09fd1e8 00003e74696e693c
0x0000000121f5ab70:   0000005629280300 7f00000100000000
0x0000000121f5ab80:   000000c89fd1e8e0 756b6961486e690c
0x0000000121f5ab90:   00000065676e6152 2f6176616a4c2813
0x0000000121f5aba0:   73694c2f6c697475 310000005a293b74
0x0000000121f5abb0:   752f6176616a4c28 7473694c2f6c6974
0x0000000121f5abc0:   74612f67726f4c3c 756b2f616b696c69 

Instructions: (pc=0x0000000103e232c4)
0x0000000103e232a4:   89 e5 53 48 83 ec 08 48 85 ff 74 24 48 8b 1f 48
0x0000000103e232b4:   85 db 74 1c 48 83 fb 37 74 16 48 8b 03 48 89 df
0x0000000103e232c4:   ff 50 10 84 c0 b8 00 00 00 00 48 0f 45 c3 eb 02
0x0000000103e232d4:   31 c0 48 83 c4 08 5b 5d c3 90 55 48 89 e5 48 8b 

Register to memory mapping:

RAX=0x61482e736c697475 is an unknown value
RBX=0x00007fe0e8c40490 is an unknown value
RCX=0x00000001041d6c80: UseMembar+0 in /Library/Java/JavaVirtualMachines/jdk1.8.0_25.jdk/Contents/Home/jre/lib/server/libjvm.dylib at 0x0000000103a00000
RDX=0x0000000121f5aa8b is pointing into the stack for thread: 0x00007fe0eb814000
RSP=0x0000000121f5a9d0 is pointing into the stack for thread: 0x00007fe0eb814000
RBP=0x0000000121f5a9e0 is pointing into the stack for thread: 0x00007fe0eb814000
RSI=0x00007fe0eb814000 is a thread
RDI=0x00007fe0e8c40490 is an unknown value
R8 =0x0000000000000001 is an unknown value
R9 =0x00007fe0e8c00000 is an unknown value
R10=0x0000000000000020 is an unknown value
R11=0x00007fe0e8c00000 is an unknown value
R12=0x00007fe0eb814000 is a thread
R13=0x00007fe0e8c31230 is an unknown value
R14=0x00007fe0e8c31230 is an unknown value
R15=0x00007fe0e8d02a80 is an unknown value


Stack: [0x0000000121e5b000,0x0000000121f5b000],  sp=0x0000000121f5a9d0,  free space=1022k
Native frames: (J=compiled Java code, j=interpreted, Vv=VM code, C=native code)
V  [libjvm.dylib+0x4232c4]
V  [libjvm.dylib+0x33526e]
C  [libjdwp.dylib+0x207dc]  isMethodSynthetic+0x63
C  [libjdwp.dylib+0x5263]  methods1+0x10b
C  [libjdwp.dylib+0x535c]  methodsWithGeneric+0xe
C  [libjdwp.dylib+0xe8f6]  debugLoop_run+0x1ce
C  [libjdwp.dylib+0x1f716]  attachThread+0x4d
V  [libjvm.dylib+0x3762ce]
V  [libjvm.dylib+0x535ed9]
V  [libjvm.dylib+0x53761c]
V  [libjvm.dylib+0x45d87e]
C  [libsystem_pthread.dylib+0x32fc]  _pthread_body+0x83
C  [libsystem_pthread.dylib+0x3279]  _pthread_body+0x0
C  [libsystem_pthread.dylib+0x14b1]  thread_start+0xd
C  0x0000000000000000


---------------  P R O C E S S  ---------------

Java Threads: ( => current thread )
  0x00007fe0ea039000 JavaThread "Service Thread" daemon [_thread_blocked, id=22275, stack(0x0000000122570000,0x0000000122670000)]
  0x00007fe0ea00d800 JavaThread "C1 CompilerThread3" daemon [_thread_blocked, id=21763, stack(0x000000012246d000,0x000000012256d000)]
  0x00007fe0ea018000 JavaThread "C2 CompilerThread2" daemon [_thread_blocked, id=21251, stack(0x000000012236a000,0x000000012246a000)]
  0x00007fe0e9803000 JavaThread "C2 CompilerThread1" daemon [_thread_blocked, id=20739, stack(0x0000000122267000,0x0000000122367000)]
  0x00007fe0eb819800 JavaThread "C2 CompilerThread0" daemon [_thread_blocked, id=20227, stack(0x0000000122164000,0x0000000122264000)]
  0x00007fe0ea017800 JavaThread "JDWP Command Reader" daemon [_thread_in_native, id=19715, stack(0x0000000122061000,0x0000000122161000)]
  0x00007fe0ec800000 JavaThread "JDWP Event Helper Thread" daemon [_thread_blocked, id=19203, stack(0x0000000121f5e000,0x000000012205e000)]
=>0x00007fe0eb814000 JavaThread "JDWP Transport Listener: dt_socket" daemon [_thread_in_vm, id=18691, stack(0x0000000121e5b000,0x0000000121f5b000)]
  0x00007fe0eb813000 JavaThread "Signal Dispatcher" daemon [_thread_blocked, id=14611, stack(0x0000000121d51000,0x0000000121e51000)]
  0x00007fe0eb811000 JavaThread "Finalizer" daemon [_thread_blocked, id=13571, stack(0x0000000120410000,0x0000000120510000)]
  0x00007fe0eb810000 JavaThread "Reference Handler" daemon [_thread_blocked, id=13059, stack(0x000000012030d000,0x000000012040d000)]
  0x00007fe0e900f000 JavaThread "main" [_thread_blocked, id=4867, stack(0x0000000102873000,0x0000000102973000)]

Other Threads:
  0x00007fe0eb80b800 VMThread [stack: 0x000000012020a000,0x000000012030a000] [id=12547]
  0x00007fe0ea039800 WatcherThread [stack: 0x0000000122673000,0x0000000122773000] [id=22787]

VM state:not at safepoint (normal execution)

VM Mutex/Monitor currently owned by a thread: None

Heap:
 PSYoungGen      total 76288K, used 5243K [0x000000076ab00000, 0x0000000770000000, 0x00000007c0000000)
  eden space 65536K, 8% used [0x000000076ab00000,0x000000076b01ec68,0x000000076eb00000)
  from space 10752K, 0% used [0x000000076f580000,0x000000076f580000,0x0000000770000000)
  to   space 10752K, 0% used [0x000000076eb00000,0x000000076eb00000,0x000000076f580000)
 ParOldGen       total 175104K, used 0K [0x00000006c0000000, 0x00000006cab00000, 0x000000076ab00000)
  object space 175104K, 0% used [0x00000006c0000000,0x00000006c0000000,0x00000006cab00000)
 Metaspace       used 2791K, capacity 4498K, committed 4864K, reserved 1056768K
  class space    used 297K, capacity 386K, committed 512K, reserved 1048576K

Card table byte_map: [0x0000000113d27000,0x0000000114528000] byte_map_base: 0x0000000110727000

Marking Bits: (ParMarkBitMap*) 0x000000010429d390
 Begin Bits: [0x0000000115296000, 0x0000000119296000)
 End Bits:   [0x0000000119296000, 0x000000011d296000)

Polling page: 0x00000001029b7000

CodeCache: size=245760Kb used=1137Kb max_used=1137Kb free=244622Kb
 bounds [0x0000000104967000, 0x0000000104bd7000, 0x0000000113967000]
 total_blobs=258 nmethods=31 adapters=150
 compilation: enabled

Compilation events (10 events):
Event: 0.122 Thread 0x00007fe0ea00d800   27       3       java.lang.CharacterData::of (120 bytes)
Event: 0.122 Thread 0x00007fe0ea00d800 nmethod 27 0x0000000104a81090 code [0x0000000104a81240, 0x0000000104a817f0]
Event: 0.122 Thread 0x00007fe0ea00d800   28       3       java.lang.CharacterDataLatin1::getProperties (11 bytes)
Event: 0.122 Thread 0x00007fe0ea00d800 nmethod 28 0x0000000104a81a90 code [0x0000000104a81c00, 0x0000000104a81d90]
Event: 0.122 Thread 0x00007fe0ea00d800   29       3       java.lang.String::getChars (62 bytes)
Event: 0.122 Thread 0x00007fe0ea00d800 nmethod 29 0x0000000104a81e90 code [0x0000000104a82060, 0x0000000104a824f8]
Event: 0.122 Thread 0x00007fe0ea00d800   30       3       java.lang.String::indexOf (25 bytes)
Event: 0.122 Thread 0x00007fe0ea00d800 nmethod 30 0x0000000104a82a10 code [0x0000000104a82b80, 0x0000000104a82d68]
Event: 0.128 Thread 0x00007fe0ea00d800   31       1       java.lang.String::length (6 bytes)
Event: 0.128 Thread 0x00007fe0ea00d800 nmethod 31 0x0000000104a83610 code [0x0000000104a83760, 0x0000000104a83870]

GC Heap History (0 events):
No events

Deoptimization events (0 events):
No events

Internal exceptions (3 events):
Event: 0.036 Thread 0x00007fe0e900f000 Exception <a 'java/lang/NoSuchMethodError': Method sun.misc.Unsafe.defineClass(Ljava/lang/String;[BII)Ljava/lang/Class; name or signature does not match> (0x000000076ab11fe0) thrown at [/HUDSON3/workspace/8-2-build-macosx-x86_64/jdk8u25/1514/hotspot/src/s
Event: 0.036 Thread 0x00007fe0e900f000 Exception <a 'java/lang/NoSuchMethodError': Method sun.misc.Unsafe.prefetchRead(Ljava/lang/Object;J)V name or signature does not match> (0x000000076ab12270) thrown at [/HUDSON3/workspace/8-2-build-macosx-x86_64/jdk8u25/1514/hotspot/src/share/vm/prims/jni.
Event: 0.122 Thread 0x00007fe0e900f000 Exception <a 'java/security/PrivilegedActionException'> (0x000000076abf29e0) thrown at [/HUDSON3/workspace/8-2-build-macosx-x86_64/jdk8u25/1514/hotspot/src/share/vm/prims/jvm.cpp, line 1312]

Events (10 events):
Event: 53.243 Executing VM operation: ChangeBreakpoints
Event: 53.243 Executing VM operation: ChangeBreakpoints done
Event: 53.243 Executing VM operation: ChangeBreakpoints
Event: 53.243 Executing VM operation: ChangeBreakpoints done
Event: 53.244 Executing VM operation: ChangeBreakpoints
Event: 53.244 Executing VM operation: ChangeBreakpoints done
Event: 53.361 loading class java/util/concurrent/ConcurrentHashMap$ForwardingNode
Event: 53.361 loading class java/util/concurrent/ConcurrentHashMap$ForwardingNode done
Event: 53.362 Executing VM operation: RedefineClasses
Event: 53.362 Executing VM operation: RedefineClasses done


Dynamic libraries:
0x00000000028ad000 	/System/Library/Frameworks/Cocoa.framework/Versions/A/Cocoa
0x00000000028ad000 	/System/Library/Frameworks/Security.framework/Versions/A/Security
0x00000000028ad000 	/System/Library/Frameworks/ApplicationServices.framework/Versions/A/ApplicationServices
0x00000000028ad000 	/usr/lib/libz.1.dylib
0x00000000028ad000 	/usr/lib/libSystem.B.dylib
0x00000000028ad000 	/usr/lib/libobjc.A.dylib
0x00000000028ad000 	/System/Library/Frameworks/CoreFoundation.framework/Versions/A/CoreFoundation
0x00000000028ad000 	/System/Library/Frameworks/Foundation.framework/Versions/C/Foundation
0x00000000028ad000 	/System/Library/Frameworks/AppKit.framework/Versions/C/AppKit
0x00000000028ad000 	/System/Library/Frameworks/CoreData.framework/Versions/A/CoreData
0x00000000028ad000 	/System/Library/PrivateFrameworks/RemoteViewServices.framework/Versions/A/RemoteViewServices
0x00000000028ad000 	/System/Library/PrivateFrameworks/UIFoundation.framework/Versions/A/UIFoundation
0x00000000028ad000 	/System/Library/Frameworks/IOSurface.framework/Versions/A/IOSurface
0x00000000028ad000 	/System/Library/Frameworks/AudioToolbox.framework/Versions/A/AudioToolbox
0x00000000028ad000 	/System/Library/Frameworks/AudioUnit.framework/Versions/A/AudioUnit
0x00000000028ad000 	/System/Library/PrivateFrameworks/DataDetectorsCore.framework/Versions/A/DataDetectorsCore
0x00000000028ad000 	/System/Library/PrivateFrameworks/DesktopServicesPriv.framework/Versions/A/DesktopServicesPriv
0x00000000028ad000 	/System/Library/Frameworks/Carbon.framework/Versions/A/Frameworks/HIToolbox.framework/Versions/A/HIToolbox
0x00000000028ad000 	/System/Library/Frameworks/QuartzCore.framework/Versions/A/QuartzCore
0x00000000028ad000 	/System/Library/Frameworks/Carbon.framework/Versions/A/Frameworks/SpeechRecognition.framework/Versions/A/SpeechRecognition
0x00000000028ad000 	/usr/lib/libauto.dylib
0x00000000028ad000 	/usr/lib/libicucore.A.dylib
0x00000000028ad000 	/usr/lib/libxml2.2.dylib
0x00000000028ad000 	/System/Library/PrivateFrameworks/CoreUI.framework/Versions/A/CoreUI
0x00000000028ad000 	/System/Library/Frameworks/CoreAudio.framework/Versions/A/CoreAudio
0x00000000028ad000 	/System/Library/Frameworks/DiskArbitration.framework/Versions/A/DiskArbitration
0x00000000028ad000 	/usr/lib/liblangid.dylib
0x00000000028ad000 	/System/Library/PrivateFrameworks/MultitouchSupport.framework/Versions/A/MultitouchSupport
0x00000000028ad000 	/System/Library/Frameworks/IOKit.framework/Versions/A/IOKit
0x00000000028ad000 	/usr/lib/libDiagnosticMessagesClient.dylib
0x00000000028ad000 	/System/Library/Frameworks/CoreServices.framework/Versions/A/CoreServices
0x00000000028ad000 	/System/Library/PrivateFrameworks/PerformanceAnalysis.framework/Versions/A/PerformanceAnalysis
0x00000000028ad000 	/System/Library/PrivateFrameworks/GenerationalStorage.framework/Versions/A/GenerationalStorage
0x00000000028ad000 	/System/Library/Frameworks/OpenGL.framework/Versions/A/OpenGL
0x00000000028ad000 	/System/Library/PrivateFrameworks/Sharing.framework/Versions/A/Sharing
0x00000000028ad000 	/System/Library/Frameworks/CoreGraphics.framework/Versions/A/CoreGraphics
0x00000000028ad000 	/System/Library/Frameworks/CoreText.framework/Versions/A/CoreText
0x00000000028ad000 	/System/Library/Frameworks/ImageIO.framework/Versions/A/ImageIO
0x00000000028ad000 	/usr/lib/libextension.dylib
0x00000000028ad000 	/System/Library/PrivateFrameworks/Backup.framework/Versions/A/Backup
0x00000000028ad000 	/usr/lib/libarchive.2.dylib
0x00000000028ad000 	/System/Library/Frameworks/CFNetwork.framework/Versions/A/CFNetwork
0x00000000028ad000 	/System/Library/Frameworks/SystemConfiguration.framework/Versions/A/SystemConfiguration
0x00000000028ad000 	/usr/lib/libCRFSuite.dylib
0x00000000028ad000 	/usr/lib/libc++.1.dylib
0x00000000028ad000 	/usr/lib/libc++abi.dylib
0x00000000028ad000 	/usr/lib/system/libcache.dylib
0x00000000028ad000 	/usr/lib/system/libcommonCrypto.dylib
0x00000000028ad000 	/usr/lib/system/libcompiler_rt.dylib
0x00000000028ad000 	/usr/lib/system/libcopyfile.dylib
0x00000000028ad000 	/usr/lib/system/libcorecrypto.dylib
0x00000000028ad000 	/usr/lib/system/libdispatch.dylib
0x00000000028ad000 	/usr/lib/system/libdyld.dylib
0x00000000028ad000 	/usr/lib/system/libkeymgr.dylib
0x00000000028ad000 	/usr/lib/system/liblaunch.dylib
0x00000000028ad000 	/usr/lib/system/libmacho.dylib
0x00000000028ad000 	/usr/lib/system/libquarantine.dylib
0x00000000028ad000 	/usr/lib/system/libremovefile.dylib
0x00000000028ad000 	/usr/lib/system/libsystem_asl.dylib
0x00000000028ad000 	/usr/lib/system/libsystem_blocks.dylib
0x00000000028ad000 	/usr/lib/system/libsystem_c.dylib
0x00000000028ad000 	/usr/lib/system/libsystem_configuration.dylib
0x00000000028ad000 	/usr/lib/system/libsystem_coreservices.dylib
0x00000000028ad000 	/usr/lib/system/libsystem_coretls.dylib
0x00000000028ad000 	/usr/lib/system/libsystem_dnssd.dylib
0x00000000028ad000 	/usr/lib/system/libsystem_info.dylib
0x00000000028ad000 	/usr/lib/system/libsystem_kernel.dylib
0x00000000028ad000 	/usr/lib/system/libsystem_m.dylib
0x00000000028ad000 	/usr/lib/system/libsystem_malloc.dylib
0x00000000028ad000 	/usr/lib/system/libsystem_network.dylib
0x00000000028ad000 	/usr/lib/system/libsystem_networkextension.dylib
0x00000000028ad000 	/usr/lib/system/libsystem_notify.dylib
0x00000000028ad000 	/usr/lib/system/libsystem_platform.dylib
0x00000000028ad000 	/usr/lib/system/libsystem_pthread.dylib
0x00000000028ad000 	/usr/lib/system/libsystem_sandbox.dylib
0x00000000028ad000 	/usr/lib/system/libsystem_secinit.dylib
0x00000000028ad000 	/usr/lib/system/libsystem_stats.dylib
0x00000000028ad000 	/usr/lib/system/libsystem_trace.dylib
0x00000000028ad000 	/usr/lib/system/libunc.dylib
0x00000000028ad000 	/usr/lib/system/libunwind.dylib
0x00000000028ad000 	/usr/lib/system/libxpc.dylib
0x00000000028ad000 	/usr/lib/libbz2.1.0.dylib
0x00000000028ad000 	/usr/lib/liblzma.5.dylib
0x00000000028ad000 	/usr/lib/libbsm.0.dylib
0x00000000028ad000 	/usr/lib/libsqlite3.dylib
0x00000000028ad000 	/usr/lib/system/libkxld.dylib
0x00000000028ad000 	/usr/lib/libxar.1.dylib
0x00000000028ad000 	/usr/lib/libpam.2.dylib
0x00000000028ad000 	/usr/lib/libOpenScriptingUtil.dylib
0x00000000028ad000 	/System/Library/Frameworks/CoreServices.framework/Versions/A/Frameworks/FSEvents.framework/Versions/A/FSEvents
0x00000000028ad000 	/System/Library/Frameworks/CoreServices.framework/Versions/A/Frameworks/CarbonCore.framework/Versions/A/CarbonCore
0x00000000028ad000 	/System/Library/Frameworks/CoreServices.framework/Versions/A/Frameworks/Metadata.framework/Versions/A/Metadata
0x00000000028ad000 	/System/Library/Frameworks/CoreServices.framework/Versions/A/Frameworks/OSServices.framework/Versions/A/OSServices
0x00000000028ad000 	/System/Library/Frameworks/CoreServices.framework/Versions/A/Frameworks/SearchKit.framework/Versions/A/SearchKit
0x00000000028ad000 	/System/Library/Frameworks/CoreServices.framework/Versions/A/Frameworks/AE.framework/Versions/A/AE
0x00000000028ad000 	/System/Library/Frameworks/CoreServices.framework/Versions/A/Frameworks/LaunchServices.framework/Versions/A/LaunchServices
0x00000000028ad000 	/System/Library/Frameworks/CoreServices.framework/Versions/A/Frameworks/DictionaryServices.framework/Versions/A/DictionaryServices
0x00000000028ad000 	/System/Library/Frameworks/NetFS.framework/Versions/A/NetFS
0x00000000028ad000 	/System/Library/PrivateFrameworks/NetAuth.framework/Versions/A/NetAuth
0x00000000028ad000 	/System/Library/PrivateFrameworks/login.framework/Versions/A/Frameworks/loginsupport.framework/Versions/A/loginsupport
0x00000000028ad000 	/System/Library/PrivateFrameworks/TCC.framework/Versions/A/TCC
0x00000000028ad000 	/usr/lib/libmecabra.dylib
0x00000000028ad000 	/System/Library/PrivateFrameworks/LanguageModeling.framework/Versions/A/LanguageModeling
0x00000000028ad000 	/usr/lib/libcmph.dylib
0x00000000028ad000 	/usr/lib/libiconv.2.dylib
0x00000000028ad000 	/System/Library/Frameworks/OpenDirectory.framework/Versions/A/Frameworks/CFOpenDirectory.framework/Versions/A/CFOpenDirectory
0x00000000028ad000 	/System/Library/Frameworks/ServiceManagement.framework/Versions/A/ServiceManagement
0x00000000028ad000 	/usr/lib/libxslt.1.dylib
0x00000000028ad000 	/System/Library/Frameworks/Carbon.framework/Versions/A/Frameworks/Ink.framework/Versions/A/Ink
0x00000000028ad000 	/System/Library/Frameworks/ApplicationServices.framework/Versions/A/Frameworks/ATS.framework/Versions/A/ATS
0x00000000028ad000 	/System/Library/Frameworks/ApplicationServices.framework/Versions/A/Frameworks/ColorSync.framework/Versions/A/ColorSync
0x00000000028ad000 	/System/Library/Frameworks/ApplicationServices.framework/Versions/A/Frameworks/HIServices.framework/Versions/A/HIServices
0x00000000028ad000 	/System/Library/Frameworks/ApplicationServices.framework/Versions/A/Frameworks/LangAnalysis.framework/Versions/A/LangAnalysis
0x00000000028ad000 	/System/Library/Frameworks/ApplicationServices.framework/Versions/A/Frameworks/PrintCore.framework/Versions/A/PrintCore
0x00000000028ad000 	/System/Library/Frameworks/ApplicationServices.framework/Versions/A/Frameworks/QD.framework/Versions/A/QD
0x00000000028ad000 	/System/Library/Frameworks/ApplicationServices.framework/Versions/A/Frameworks/SpeechSynthesis.framework/Versions/A/SpeechSynthesis
0x00000000028ad000 	/System/Library/Frameworks/Accelerate.framework/Versions/A/Accelerate
0x00000000028ad000 	/System/Library/Frameworks/Accelerate.framework/Versions/A/Frameworks/vImage.framework/Versions/A/vImage
0x00000000028ad000 	/System/Library/Frameworks/Accelerate.framework/Versions/A/Frameworks/vecLib.framework/Versions/A/vecLib
0x00000000028ad000 	/System/Library/Frameworks/Accelerate.framework/Versions/A/Frameworks/vecLib.framework/Versions/A/libvDSP.dylib
0x00000000028ad000 	/System/Library/Frameworks/Accelerate.framework/Versions/A/Frameworks/vecLib.framework/Versions/A/libvMisc.dylib
0x00000000028ad000 	/System/Library/Frameworks/Accelerate.framework/Versions/A/Frameworks/vecLib.framework/Versions/A/libLAPACK.dylib
0x00000000028ad000 	/System/Library/Frameworks/Accelerate.framework/Versions/A/Frameworks/vecLib.framework/Versions/A/libBLAS.dylib
0x00000000028ad000 	/System/Library/Frameworks/Accelerate.framework/Versions/A/Frameworks/vecLib.framework/Versions/A/libLinearAlgebra.dylib
0x00000000028ad000 	/System/Library/Frameworks/ApplicationServices.framework/Versions/A/Frameworks/ATS.framework/Versions/A/Resources/libFontParser.dylib
0x00000000028ad000 	/System/Library/Frameworks/ApplicationServices.framework/Versions/A/Frameworks/ATS.framework/Versions/A/Resources/libFontRegistry.dylib
0x00000000028ad000 	/System/Library/PrivateFrameworks/AppleVPA.framework/Versions/A/AppleVPA
0x00000000028ad000 	/System/Library/PrivateFrameworks/AppleJPEG.framework/Versions/A/AppleJPEG
0x00000000028ad000 	/System/Library/Frameworks/ImageIO.framework/Versions/A/Resources/libJPEG.dylib
0x00000000028ad000 	/System/Library/Frameworks/ImageIO.framework/Versions/A/Resources/libTIFF.dylib
0x00000000028ad000 	/System/Library/Frameworks/ImageIO.framework/Versions/A/Resources/libPng.dylib
0x00000000028ad000 	/System/Library/Frameworks/ImageIO.framework/Versions/A/Resources/libGIF.dylib
0x00000000028ad000 	/System/Library/Frameworks/ImageIO.framework/Versions/A/Resources/libJP2.dylib
0x00000000028ad000 	/System/Library/Frameworks/ImageIO.framework/Versions/A/Resources/libRadiance.dylib
0x00000000028ad000 	/System/Library/Frameworks/CoreVideo.framework/Versions/A/CoreVideo
0x00000000028ad000 	/System/Library/Frameworks/OpenGL.framework/Versions/A/Libraries/libGLU.dylib
0x00000000028ad000 	/System/Library/Frameworks/OpenGL.framework/Versions/A/Libraries/libGFXShared.dylib
0x00000000028ad000 	/System/Library/Frameworks/OpenGL.framework/Versions/A/Libraries/libGL.dylib
0x00000000028ad000 	/System/Library/Frameworks/OpenGL.framework/Versions/A/Libraries/libGLImage.dylib
0x00000000028ad000 	/System/Library/Frameworks/OpenGL.framework/Versions/A/Libraries/libCVMSPluginSupport.dylib
0x00000000028ad000 	/System/Library/Frameworks/OpenGL.framework/Versions/A/Libraries/libCoreVMClient.dylib
0x00000000028ad000 	/usr/lib/libcups.2.dylib
0x00000000028ad000 	/System/Library/Frameworks/Kerberos.framework/Versions/A/Kerberos
0x00000000028ad000 	/System/Library/Frameworks/GSS.framework/Versions/A/GSS
0x00000000028ad000 	/usr/lib/libresolv.9.dylib
0x00000000028ad000 	/System/Library/PrivateFrameworks/Heimdal.framework/Versions/A/Heimdal
0x00000000028ad000 	/usr/lib/libheimdal-asn1.dylib
0x00000000028ad000 	/System/Library/Frameworks/OpenDirectory.framework/Versions/A/OpenDirectory
0x00000000028ad000 	/System/Library/PrivateFrameworks/CommonAuth.framework/Versions/A/CommonAuth
0x00000000028ad000 	/System/Library/Frameworks/SecurityFoundation.framework/Versions/A/SecurityFoundation
0x00000000028ad000 	/System/Library/Frameworks/QuartzCore.framework/Versions/A/Frameworks/CoreImage.framework/Versions/A/CoreImage
0x00000000028ad000 	/System/Library/PrivateFrameworks/CrashReporterSupport.framework/Versions/A/CrashReporterSupport
0x00000000028ad000 	/System/Library/Frameworks/OpenCL.framework/Versions/A/OpenCL
0x00000000028ad000 	/System/Library/PrivateFrameworks/FaceCore.framework/Versions/A/FaceCore
0x00000000028ad000 	/System/Library/PrivateFrameworks/Ubiquity.framework/Versions/A/Ubiquity
0x00000000028ad000 	/System/Library/PrivateFrameworks/IconServices.framework/Versions/A/IconServices
0x00000000028ad000 	/System/Library/PrivateFrameworks/ChunkingLibrary.framework/Versions/A/ChunkingLibrary
0x00000000028ad000 	/System/Library/PrivateFrameworks/Apple80211.framework/Versions/A/Apple80211
0x00000000028ad000 	/System/Library/Frameworks/CoreWLAN.framework/Versions/A/CoreWLAN
0x00000000028ad000 	/System/Library/Frameworks/IOBluetooth.framework/Versions/A/IOBluetooth
0x00000000028ad000 	/System/Library/PrivateFrameworks/CoreWiFi.framework/Versions/A/CoreWiFi
0x00000000028ad000 	/System/Library/Frameworks/CoreBluetooth.framework/Versions/A/CoreBluetooth
0x00000000028ad000 	/System/Library/PrivateFrameworks/DebugSymbols.framework/Versions/A/DebugSymbols
0x00000000028ad000 	/System/Library/PrivateFrameworks/CoreSymbolication.framework/Versions/A/CoreSymbolication
0x00000000028ad000 	/System/Library/PrivateFrameworks/Symbolication.framework/Versions/A/Symbolication
0x00000000028ad000 	/System/Library/PrivateFrameworks/SpeechRecognitionCore.framework/Versions/A/SpeechRecognitionCore
0x0000000047e86000 	/System/Library/CoreServices/Encodings/libJapaneseConverter.dylib
0x0000000103a00000 	/Library/Java/JavaVirtualMachines/jdk1.8.0_25.jdk/Contents/Home/jre/lib/server/libjvm.dylib
0x00000000028ad000 	/usr/lib/libstdc++.6.dylib
0x0000000102975000 	/Library/Java/JavaVirtualMachines/jdk1.8.0_25.jdk/Contents/Home/jre/lib/libverify.dylib
0x0000000102983000 	/Library/Java/JavaVirtualMachines/jdk1.8.0_25.jdk/Contents/Home/jre/lib/libjava.dylib
0x000000010491c000 	/Library/Java/JavaVirtualMachines/jdk1.8.0_25.jdk/Contents/Home/jre/lib/libjdwp.dylib
0x00000001029b8000 	/Library/Java/JavaVirtualMachines/jdk1.8.0_25.jdk/Contents/Home/jre/lib/libnpt.dylib
0x00000001029c5000 	/Library/Java/JavaVirtualMachines/jdk1.8.0_25.jdk/Contents/Home/jre/lib/libzip.dylib
0x0000000120512000 	/System/Library/Frameworks/JavaVM.framework/Frameworks/JavaRuntimeSupport.framework/JavaRuntimeSupport
0x0000000120528000 	/System/Library/Frameworks/JavaVM.framework/Versions/A/Frameworks/JavaNativeFoundation.framework/Versions/A/JavaNativeFoundation
0x000000012053c000 	/System/Library/Frameworks/JavaVM.framework/Versions/A/JavaVM
0x00000000028ad000 	/System/Library/Frameworks/Carbon.framework/Versions/A/Carbon
0x0000000120548000 	/System/Library/PrivateFrameworks/JavaLaunching.framework/Versions/A/JavaLaunching
0x00000000028ad000 	/System/Library/Frameworks/Carbon.framework/Versions/A/Frameworks/CommonPanels.framework/Versions/A/CommonPanels
0x00000000028ad000 	/System/Library/Frameworks/Carbon.framework/Versions/A/Frameworks/Help.framework/Versions/A/Help
0x00000000028ad000 	/System/Library/Frameworks/Carbon.framework/Versions/A/Frameworks/ImageCapture.framework/Versions/A/ImageCapture
0x00000000028ad000 	/System/Library/Frameworks/Carbon.framework/Versions/A/Frameworks/OpenScripting.framework/Versions/A/OpenScripting
0x00000000028ad000 	/System/Library/Frameworks/Carbon.framework/Versions/A/Frameworks/Print.framework/Versions/A/Print
0x00000000028ad000 	/System/Library/Frameworks/Carbon.framework/Versions/A/Frameworks/SecurityHI.framework/Versions/A/SecurityHI
0x0000000121e53000 	/Library/Java/JavaVirtualMachines/jdk1.8.0_25.jdk/Contents/Home/jre/lib/libdt_socket.dylib

VM Arguments:
jvm_args: -agentlib:jdwp=transport=dt_socket,suspend=y,address=localhost:62651 -Dfile.encoding=UTF-8 
java_command: utils.HaikuUtil
java_class_path (initial): /Applications/eclipse/workspace/HaikuMatcher/.target:/Applications/eclipse/workspace/HaikuMatcher/bin:/Applications/eclipse/workspace/HaikuMatcher/target/scala-2.10/classes_managed:/Users/ohbarye/play-2.2.6/repository/local/com.typesafe.play/play-java-jdbc_2.10/2.2.6/jars/play-java-jdbc_2.10.jar:/Users/ohbarye/play-2.2.6/repository/local/com.typesafe.play/play-jdbc_2.10/2.2.6/jars/play-jdbc_2.10.jar:/Users/ohbarye/play-2.2.6/repository/local/com.typesafe.play/play_2.10/2.2.6/jars/play_2.10.jar:/Users/ohbarye/play-2.2.6/repository/local/com.typesafe.play/sbt-link/2.2.6/jars/sbt-link.jar:/Users/ohbarye/play-2.2.6/repository/local/org.javassist/javassist/3.18.0-GA/bundles/javassist.jar:/Users/ohbarye/play-2.2.6/repository/local/com.typesafe.play/play-exceptions/2.2.6/jars/play-exceptions.jar:/Users/ohbarye/play-2.2.6/repository/local/com.typesafe.play/templates_2.10/2.2.6/jars/templates_2.10.jar:/Users/ohbarye/play-2.2.6/repository/local/com.github.scala-incubator.io/scala-io-file_2.10/0.4.2/jars/scala-io-file_2.10.jar:/Users/ohbarye/play-2.2.6/repository/local/com.github.scala-incubator.io/scala-io-core_2.10/0.4.2/jars/scala-io-core_2.10.jar:/Users/ohbarye/play-2.2.6/repository/local/com.jsuereth/scala-arm_2.10/1.3/jars/scala-arm_2.10.jar:/Users/ohbarye/play-2.2.6/repository/local/com.typesafe.play/play-iteratees_2.10/2.2.6/jars/play-iteratees_2.10.jar:/Users/ohbarye/play-2.2.6/repository/local/org.scala-stm/scala-stm_2.10/0.7/jars/scala-stm_2.10.jar:/Users/ohbarye/play-2.2.6/repository/local/com.typesafe/config/1.0.2/bundles/config.jar:/Users/ohbarye/play-2.2.6/repository/local/com.typesafe.play/play-json_2.10/2.2.6/jars/play-json_2.10.jar:/Users/ohbarye/play-2.2.6/repository/local/com.typesafe.play/play-functional_2.10/2.2.6/jars/play-functional_2.10.jar:/Users/ohbarye/play-2.2.6/repository/local/com.typesafe.play/play-datacommons_2.10/2.2.6/jars/play-datacommons_2.10.jar:/Users/ohbarye/play-2.2.6/repository/local/joda-time/joda-time/2.2
Launcher Type: SUN_STANDARD

Environment Variables:
PATH=/usr/bin:/bin:/usr/sbin:/sbin
SHELL=/bin/bash

Signal Handlers:
SIGSEGV: [libjvm.dylib+0x579dc7], sa_mask[0]=11111111011111110111111111111111, sa_flags=SA_ONSTACK|SA_RESTART|SA_SIGINFO
SIGBUS: [libjvm.dylib+0x579dc7], sa_mask[0]=11111111011111110111111111111111, sa_flags=SA_RESTART|SA_SIGINFO
SIGFPE: [libjvm.dylib+0x45b030], sa_mask[0]=11111111011111110111111111111111, sa_flags=SA_RESTART|SA_SIGINFO
SIGPIPE: [libjvm.dylib+0x45b030], sa_mask[0]=11111111011111110111111111111111, sa_flags=SA_RESTART|SA_SIGINFO
SIGXFSZ: [libjvm.dylib+0x45b030], sa_mask[0]=11111111011111110111111111111111, sa_flags=SA_RESTART|SA_SIGINFO
SIGILL: [libjvm.dylib+0x45b030], sa_mask[0]=11111111011111110111111111111111, sa_flags=SA_RESTART|SA_SIGINFO
SIGUSR1: SIG_DFL, sa_mask[0]=00000000000000000000000000000000, sa_flags=none
SIGUSR2: [libjvm.dylib+0x45ab4e], sa_mask[0]=00100000000000000000000000000000, sa_flags=SA_RESTART|SA_SIGINFO
SIGHUP: [libjvm.dylib+0x459121], sa_mask[0]=11111111011111110111111111111111, sa_flags=SA_RESTART|SA_SIGINFO
SIGINT: [libjvm.dylib+0x459121], sa_mask[0]=11111111011111110111111111111111, sa_flags=SA_RESTART|SA_SIGINFO
SIGTERM: [libjvm.dylib+0x459121], sa_mask[0]=11111111011111110111111111111111, sa_flags=SA_RESTART|SA_SIGINFO
SIGQUIT: [libjvm.dylib+0x459121], sa_mask[0]=11111111011111110111111111111111, sa_flags=SA_RESTART|SA_SIGINFO


---------------  S Y S T E M  ---------------

OS:Bsduname:Darwin 14.0.0 Darwin Kernel Version 14.0.0: Fri Sep 19 00:26:44 PDT 2014; root:xnu-2782.1.97~2/RELEASE_X86_64 x86_64
rlimit: STACK 8192k, CORE 0k, NPROC 709, NOFILE 10240, AS infinity
load average:2.06 1.97 1.88

CPU:total 8 (4 cores per cpu, 2 threads per core) family 6 model 70 stepping 1, cmov, cx8, fxsr, mmx, sse, sse2, sse3, ssse3, sse4.1, sse4.2, popcnt, avx, avx2, aes, clmul, erms, lzcnt, ht, tsc, tscinvbit, bmi1, bmi2

Memory: 4k page, physical 16777216k(96952k free)

/proc/meminfo:


vm_info: Java HotSpot(TM) 64-Bit Server VM (25.25-b02) for bsd-amd64 JRE (1.8.0_25-b17), built on Sep 17 2014 16:56:50 by "java_re" with gcc 4.2.1 (Based on Apple Inc. build 5658) (LLVM build 2336.11.00)

time: Sun Dec 28 23:30:12 2014
elapsed time: 53 seconds (0d 0h 0m 53s)

